2025-12-18 11:39:47 - knowledge_base - INFO - 📚 Loading Knowledge Base (FAQs & Error Docs)...
2025-12-18 11:39:50 - knowledge_base - INFO -    - FAQ Doc loaded: 95403 characters
2025-12-18 11:39:57 - knowledge_base - INFO -    - Error Doc loaded: 42132 characters
2025-12-18 11:39:59 - knowledge_base - INFO - ✅ Knowledge Base Loaded!
2025-12-18 11:39:59 - main - INFO - ⚡ Initializing AI Agent... (This happens only once)
2025-12-18 11:40:00 - main - INFO - ⚡ AI Agent Ready!
2025-12-18 11:45:34 - knowledge_base - INFO - 📚 Loading Knowledge Base (FAQs & Error Docs)...
2025-12-18 11:45:37 - knowledge_base - INFO -    - FAQ Doc loaded: 95403 characters
2025-12-18 11:45:43 - knowledge_base - INFO -    - Error Doc loaded: 42132 characters
2025-12-18 11:45:46 - knowledge_base - INFO - ✅ Knowledge Base Loaded!
2025-12-18 11:45:46 - main - INFO - ⚡ Initializing AI Agent... (This happens only once)
2025-12-18 11:45:47 - main - INFO - ⚡ AI Agent Ready!
2025-12-18 11:48:00 - knowledge_base - INFO - 📚 Loading Knowledge Base (FAQs & Error Docs)...
2025-12-18 11:48:02 - knowledge_base - INFO -    - FAQ Doc loaded: 95403 characters
2025-12-18 11:48:07 - knowledge_base - INFO -    - Error Doc loaded: 42132 characters
2025-12-18 11:48:10 - knowledge_base - INFO - ✅ Knowledge Base Loaded!
2025-12-18 11:48:10 - main - INFO - ⚡ Initializing AI Agent... (This happens only once)
2025-12-18 11:48:11 - main - INFO - ⚡ AI Agent Ready!
2025-12-18 11:55:33 - auth - INFO - 🚀 Sending OTP to 9353641410...
2025-12-18 11:55:35 - auth - INFO - 📩 API Response: {'session_info': {'valid_to': '2025-12-18 12:06:03', 'session_id': '24A5DC7BCA6017D119D6AC92091E9BD1', 'valid_from': '18-Dec-2025 11:56'}, 'response': {'ver': '1.0', 'txn': 'TXN1766039133031', 'ts': '2025-12-18T11:55:33', 'status': '1'}}
2025-12-18 11:56:04 - main - INFO - 🤖 User Verified. Fetching details for 9353641410...
2025-12-18 11:56:17 - tools - INFO - 🔍 FAQ SEARCH for 'What is DSC?':
2025-12-18 11:56:17 - tools - INFO -    [Chunk 1]: DSC is a legally valid electronic certificate used to authenticate your identity digitally.
You can buy a Class 3 Paperless DSC online from eMudhra fo...
2025-12-18 11:56:17 - tools - INFO -    [Chunk 2]: Suggestions

◽ Check status of my DSC application
◽ Buy a Digital Signature Certificate (DSC)
◽ Talk to support specialist
	11
	What is the time frame...
2025-12-18 11:56:17 - tools - INFO -    [Chunk 3]: ____________________________________________________________________________________________________________________________
18 What is CPS?
Ans: CPS ...
2025-12-18 11:56:18 - tools - INFO - 🔍 ERROR SEARCH for 'What is DSC?':
2025-12-18 11:56:18 - tools - INFO -    [Chunk 1]: ﻿DSC usage in website and troubleshooting steps.





Index:-

Sl.no        Website                                                                   ...
2025-12-18 11:56:18 - tools - INFO -    [Chunk 2]: 10.    You will be asked to enter your DSC password. Enter your DSC password and click on the "OK" button.
11.    Your DSC will be registered on the T...
2025-12-18 11:56:18 - tools - INFO -    [Chunk 3]: To register your DSC on EPFO website:



1.       Go to the EPFO website: https://unifiedportal-mem.epfindia.gov.in/
2.       Click on the "Establishm...
2025-12-18 11:57:50 - main - INFO - ✅ Forwarded message to Ameyo for session sess_1766039105880_5b57s
2025-12-18 12:00:17 - knowledge_base - INFO - 📚 Loading Knowledge Base (FAQs & Error Docs)...
2025-12-18 12:00:19 - knowledge_base - INFO -    - FAQ Doc loaded: 95403 characters
2025-12-18 12:00:25 - knowledge_base - INFO -    - Error Doc loaded: 42132 characters
2025-12-18 12:00:27 - knowledge_base - INFO - ✅ Knowledge Base Loaded!
2025-12-18 12:00:27 - main - INFO - ⚡ Initializing AI Agent... (This happens only once)
2025-12-18 12:00:28 - main - INFO - ⚡ AI Agent Ready!
2025-12-18 12:00:35 - main - INFO - 👤 Routing to Live Agent: sess_1766039105880_5b57s
2025-12-18 12:00:35 - main - INFO - ✅ Forwarded message to Ameyo for session sess_1766039105880_5b57s
2025-12-18 12:00:50 - auth - INFO - 🚀 Sending OTP to 9353641410...
2025-12-18 12:00:52 - auth - INFO - 📩 API Response: {'session_info': {'valid_to': '2025-12-18 12:11:28', 'session_id': '4D3AC383A7FF4D88AEDB8F5F17D38C7C', 'valid_from': '18-Dec-2025 12:01'}, 'response': {'ver': '1.0', 'txn': 'TXN1766039450078', 'ts': '2025-12-18T12:00:50', 'status': '1'}}
2025-12-18 12:01:16 - main - INFO - 🤖 User Verified. Fetching details for 9353641410...
2025-12-18 12:01:56 - main - INFO - ✅ Forwarded message to Ameyo for session sess_1766039437950_16h7h
2025-12-18 12:05:03 - knowledge_base - INFO - 📚 Loading Knowledge Base (FAQs & Error Docs)...
2025-12-18 12:05:05 - knowledge_base - INFO -    - FAQ Doc loaded: 95403 characters
2025-12-18 12:05:10 - knowledge_base - INFO -    - Error Doc loaded: 42132 characters
2025-12-18 12:05:13 - knowledge_base - INFO - ✅ Knowledge Base Loaded!
2025-12-18 12:05:13 - main - INFO - ⚡ Initializing AI Agent... (This happens only once)
2025-12-18 12:05:14 - main - INFO - ⚡ AI Agent Ready!
2025-12-18 12:05:38 - auth - INFO - 🚀 Sending OTP to 9353641410...
2025-12-18 12:05:40 - auth - INFO - 📩 API Response: {'session_info': {'valid_to': '2025-12-18 12:16:25', 'session_id': 'F6D876E49E9FB96C6A02B7D3072D28D0', 'valid_from': '18-Dec-2025 12:06'}, 'response': {'ver': '1.0', 'txn': 'TXN1766039738732', 'ts': '2025-12-18T12:05:38', 'status': '1'}}
2025-12-18 12:06:55 - auth - ERROR - ❌ Verification Error: Expecting value: line 1 column 1 (char 0)
2025-12-18 12:07:11 - auth - ERROR - ❌ Verification Error: Expecting value: line 1 column 1 (char 0)
2025-12-18 12:07:23 - auth - ERROR - ❌ Verification Error: Expecting value: line 1 column 1 (char 0)
2025-12-18 12:07:45 - auth - INFO - 🚀 Sending OTP to 9353641410...
2025-12-18 12:07:47 - auth - ERROR - ❌ Network Error: Expecting value: line 1 column 1 (char 0)
2025-12-18 12:08:13 - auth - INFO - 🚀 Sending OTP to 9353641410...
2025-12-18 12:08:23 - auth - ERROR - ❌ Network Error: HTTPSConnectionPool(host='qaserver-int.emudhra.net', port=18006): Read timed out. (read timeout=10)
2025-12-18 12:08:42 - auth - INFO - 🚀 Sending OTP to 9353641410...
2025-12-18 12:08:42 - auth - INFO - 📩 API Response: {'ver': '1.0', 'errorMessage': 'Please wait for one minute.', 'errorCode': '914', 'txn': 'TXN1766039922416', 'status': '0', 'ts': '2025-12-18T12:09:32'}
2025-12-18 12:09:04 - auth - INFO - 🚀 Sending OTP to 9353641410...
2025-12-18 12:09:04 - auth - INFO - 📩 API Response: {'ver': '1.0', 'errorMessage': 'Please wait for one minute.', 'errorCode': '914', 'txn': 'TXN1766039944160', 'status': '0', 'ts': '2025-12-18T12:09:55'}
2025-12-18 12:09:23 - knowledge_base - INFO - 📚 Loading Knowledge Base (FAQs & Error Docs)...
2025-12-18 12:09:25 - knowledge_base - INFO -    - FAQ Doc loaded: 95403 characters
2025-12-18 12:09:30 - knowledge_base - INFO -    - Error Doc loaded: 42132 characters
2025-12-18 12:09:33 - knowledge_base - INFO - ✅ Knowledge Base Loaded!
2025-12-18 12:09:33 - main - INFO - ⚡ Initializing AI Agent... (This happens only once)
2025-12-18 12:09:33 - main - INFO - ⚡ AI Agent Ready!
2025-12-18 12:09:49 - auth - INFO - 🚀 Sending OTP to 9353641410...
2025-12-18 12:09:52 - auth - INFO - 📩 API Response: {'session_info': {'valid_to': '2025-12-18 12:20:43', 'session_id': '148767D65ED28D6ECDD4BBEB4A2E0C4D', 'valid_from': '18-Dec-2025 12:10'}, 'response': {'ver': '1.0', 'txn': 'TXN1766039989569', 'ts': '2025-12-18T12:09:49', 'status': '1'}}
2025-12-18 12:10:11 - main - INFO - 🤖 User Verified. Fetching details for 9353641410...
2025-12-18 12:10:32 - main - INFO - ✅ Forwarded message to Ameyo for session sess_1766039952580_6f1oh
2025-12-18 12:13:31 - knowledge_base - INFO - 📚 Loading Knowledge Base (FAQs & Error Docs)...
2025-12-18 12:13:33 - knowledge_base - INFO -    - FAQ Doc loaded: 95403 characters
2025-12-18 12:13:38 - knowledge_base - INFO -    - Error Doc loaded: 42132 characters
2025-12-18 12:13:40 - knowledge_base - INFO - ✅ Knowledge Base Loaded!
2025-12-18 12:13:40 - main - INFO - ⚡ Initializing AI Agent... (This happens only once)
2025-12-18 12:13:41 - main - INFO - ⚡ AI Agent Ready!
2025-12-18 12:13:53 - auth - INFO - 🚀 Sending OTP to 9626484788...
2025-12-18 12:13:55 - auth - INFO - 📩 API Response: {'session_info': {'valid_to': '2025-12-18 12:24:54', 'session_id': '84ABD2145AC0554C00462F96EC566705', 'valid_from': '18-Dec-2025 12:14'}, 'response': {'ver': '1.0', 'txn': 'TXN1766040233035', 'ts': '2025-12-18T12:13:53', 'status': '1'}}
2025-12-18 12:14:14 - main - INFO - 🤖 User Verified. Fetching details for 9626484788...
2025-12-18 12:14:29 - main - ERROR - ❌ Ameyo Forward Error: No connection adapters were found for 'hhttp://127.0.0.1:5000/ameyorestapi/receiveMessage'
2025-12-18 12:15:21 - auth - INFO - 🚀 Sending OTP to 9626484788...
2025-12-18 12:15:23 - auth - INFO - 📩 API Response: {'session_info': {'valid_to': '2025-12-18 12:26:19', 'session_id': 'BA01E8A48ABF31302494F01980D27C2A', 'valid_from': '18-Dec-2025 12:16'}, 'response': {'ver': '1.0', 'txn': 'TXN1766040321407', 'ts': '2025-12-18T12:15:21', 'status': '1'}}
2025-12-18 12:16:07 - auth - INFO - 🚀 Sending OTP to 9626484788...
2025-12-18 12:16:09 - auth - INFO - 📩 API Response: {'ver': '1.0', 'errorMessage': 'Please wait for one minute.', 'errorCode': '914', 'txn': 'TXN1766040367119', 'status': '0', 'ts': '2025-12-18T12:17:00'}
2025-12-18 12:16:24 - auth - INFO - 🚀 Sending OTP to 9626484788...
2025-12-18 12:16:25 - auth - INFO - 📩 API Response: {'ver': '1.0', 'errorMessage': 'Please wait for one minute.', 'errorCode': '914', 'txn': 'TXN1766040384977', 'status': '0', 'ts': '2025-12-18T12:17:15'}
2025-12-18 12:16:52 - auth - INFO - 🚀 Sending OTP to 8667683615...
2025-12-18 12:16:56 - auth - INFO - 📩 API Response: {'session_info': {'valid_to': '2025-12-18 12:27:42', 'session_id': '372AC5E2F3C45568F08EC2EEC9242CE3', 'valid_from': '18-Dec-2025 12:17'}, 'response': {'ver': '1.0', 'txn': 'TXN1766040412332', 'ts': '2025-12-18T12:16:52', 'status': '1'}}
2025-12-18 12:17:31 - main - INFO - 🤖 User Verified. Fetching details for 8667683615...
2025-12-18 12:17:45 - main - ERROR - ❌ Ameyo Forward Error: No connection adapters were found for 'hhttp://127.0.0.1:5000/ameyorestapi/receiveMessage'
2025-12-18 12:18:07 - knowledge_base - INFO - 📚 Loading Knowledge Base (FAQs & Error Docs)...
2025-12-18 12:18:09 - knowledge_base - INFO -    - FAQ Doc loaded: 95403 characters
2025-12-18 12:18:16 - knowledge_base - INFO -    - Error Doc loaded: 42132 characters
2025-12-18 12:18:17 - knowledge_base - INFO - ✅ Knowledge Base Loaded!
2025-12-18 12:18:17 - main - INFO - ⚡ Initializing AI Agent... (This happens only once)
2025-12-18 12:18:19 - main - INFO - ⚡ AI Agent Ready!
2025-12-18 12:18:43 - auth - INFO - 🚀 Sending OTP to 9626484788...
2025-12-18 12:18:49 - auth - INFO - 📩 API Response: {'session_info': {'valid_to': '2025-12-18 12:29:24', 'session_id': 'E0E988BC59FB0C09C27089EF12ADF349', 'valid_from': '18-Dec-2025 12:19'}, 'response': {'ver': '1.0', 'txn': 'TXN1766040523236', 'ts': '2025-12-18T12:18:43', 'status': '1'}}
2025-12-18 12:19:15 - main - INFO - 🤖 User Verified. Fetching details for 9626484788...
2025-12-18 12:19:36 - main - INFO - ✅ Forwarded message to Ameyo for session sess_1766040502822_p4jan
2025-12-18 12:19:41 - main - INFO - 📩 Received from Ameyo for sess_1766040502822_p4jan: {'role': 'appMaker', 'type': 'text', 'name': 'rchat', 'metadata': {'sourceType': 'web', 'appId': '5cac75981134520011f881ab', 'IDENTIFIER': 'AGENT_MESSAGE', 'userName': 'rchat', 'userId': 'rchat'}, 'text': 'Hello! This is an automated reply from the Mock Ameyo Agent. How can I help?'}
2025-12-18 12:19:44 - state_manager - INFO - 📥 Queueing for sess_1766040502822_p4jan -> {'text': 'Hello! This is an automated reply from the Mock Ameyo Agent. How can I help?', 'sender': 'rchat', 'type': 'agent_message', 'timestamp': 1766040581.6206899}
2025-12-18 12:20:42 - main - INFO - 👤 Routing to Live Agent: sess_1766040502822_p4jan
2025-12-18 12:20:42 - main - INFO - ✅ Forwarded message to Ameyo for session sess_1766040502822_p4jan
2025-12-18 12:20:46 - main - INFO - 📩 Received from Ameyo for sess_1766040502822_p4jan: {'role': 'appMaker', 'type': 'text', 'name': 'rchat', 'metadata': {'sourceType': 'web', 'appId': '5cac75981134520011f881ab', 'IDENTIFIER': 'AGENT_MESSAGE', 'userName': 'rchat', 'userId': 'rchat'}, 'text': 'Hello! This is an automated reply from the Mock Ameyo Agent. How can I help?'}
2025-12-18 12:20:48 - state_manager - INFO - 📥 Queueing for sess_1766040502822_p4jan -> {'text': 'Hello! This is an automated reply from the Mock Ameyo Agent. How can I help?', 'sender': 'rchat', 'type': 'agent_message', 'timestamp': 1766040646.3088503}
2025-12-18 12:27:52 - knowledge_base - INFO - 📚 Loading Knowledge Base (FAQs & Error Docs)...
2025-12-18 12:27:55 - knowledge_base - INFO -    - FAQ Doc loaded: 95403 characters
2025-12-18 12:28:00 - knowledge_base - INFO -    - Error Doc loaded: 42132 characters
2025-12-18 12:28:02 - knowledge_base - INFO - ✅ Knowledge Base Loaded!
2025-12-18 12:28:02 - main - INFO - ⚡ Initializing AI Agent... (This happens only once)
2025-12-18 12:28:03 - main - INFO - ⚡ AI Agent Ready!
2025-12-18 12:28:20 - knowledge_base - INFO - 📚 Loading Knowledge Base (FAQs & Error Docs)...
2025-12-18 12:28:22 - knowledge_base - INFO -    - FAQ Doc loaded: 95403 characters
2025-12-18 12:28:28 - knowledge_base - INFO -    - Error Doc loaded: 42132 characters
2025-12-18 12:28:30 - knowledge_base - INFO - ✅ Knowledge Base Loaded!
2025-12-18 12:28:30 - main - INFO - ⚡ Initializing AI Agent... (This happens only once)
2025-12-18 12:28:31 - main - INFO - ⚡ AI Agent Ready!
2025-12-18 12:30:11 - auth - INFO - 🚀 Sending OTP to 6364037478...
2025-12-18 12:30:21 - auth - ERROR - ❌ Network Error: HTTPSConnectionPool(host='qaserver-int.emudhra.net', port=18006): Read timed out. (read timeout=10)
2025-12-18 12:30:38 - auth - INFO - 🚀 Sending OTP to 6364037478...
2025-12-18 12:30:48 - auth - ERROR - ❌ Network Error: HTTPSConnectionPool(host='qaserver-int.emudhra.net', port=18006): Read timed out. (read timeout=10)
2025-12-18 12:36:39 - knowledge_base - INFO - 📚 Loading Knowledge Base (FAQs & Error Docs)...
2025-12-18 12:36:42 - knowledge_base - INFO -    - FAQ Doc loaded: 95403 characters
2025-12-18 12:36:47 - knowledge_base - INFO -    - Error Doc loaded: 42132 characters
2025-12-18 12:36:49 - knowledge_base - INFO - ✅ Knowledge Base Loaded!
2025-12-18 12:36:49 - main - INFO - ⚡ Initializing AI Agent... (This happens only once)
2025-12-18 12:36:50 - main - INFO - ⚡ AI Agent Ready!
2025-12-18 13:03:43 - state_manager - ERROR - ❌ DB Connection Error: connection to server at "65.21.106.12", port 5432 failed: server closed the connection unexpectedly
	This probably means the server terminated abnormally
	before or while processing the request.

2025-12-18 13:04:05 - state_manager - ERROR - ❌ DB Connection Error: connection to server at "65.21.106.12", port 5432 failed: server closed the connection unexpectedly
	This probably means the server terminated abnormally
	before or while processing the request.

2025-12-18 13:46:45 - auth - INFO - 🚀 Sending OTP to 6364037478...
2025-12-18 13:46:46 - auth - INFO - 📩 API Response: {'ver': '1.0', 'errorMessage': 'Invalid Mobile Number.', 'errorCode': '912', 'txn': 'TXN1766045805837', 'status': '0', 'ts': '2025-12-18T13:47:05'}
2025-12-18 13:48:09 - auth - INFO - 🚀 Sending OTP to 6364037478...
2025-12-18 13:48:09 - auth - INFO - 📩 API Response: {'ver': '1.0', 'errorMessage': 'Invalid Mobile Number.', 'errorCode': '912', 'txn': 'TXN1766045889571', 'status': '0', 'ts': '2025-12-18T13:48:30'}
2025-12-18 13:48:37 - knowledge_base - INFO - 📚 Loading Knowledge Base (FAQs & Error Docs)...
2025-12-18 13:48:40 - knowledge_base - INFO -    - FAQ Doc loaded: 95403 characters
2025-12-18 13:48:46 - knowledge_base - INFO -    - Error Doc loaded: 42132 characters
2025-12-18 13:48:49 - knowledge_base - INFO - ✅ Knowledge Base Loaded!
2025-12-18 13:48:49 - main - INFO - ⚡ Initializing AI Agent... (This happens only once)
2025-12-18 13:48:50 - main - INFO - ⚡ AI Agent Ready!
2025-12-18 13:49:02 - auth - INFO - 🚀 Sending OTP to 6364037478...
2025-12-18 13:49:03 - auth - INFO - 📩 API Response: {'ver': '1.0', 'errorMessage': 'Invalid Mobile Number.', 'errorCode': '912', 'txn': 'TXN1766045942963', 'status': '0', 'ts': '2025-12-18T13:49:23'}
2025-12-18 13:49:25 - auth - INFO - 🚀 Sending OTP to 6364037478...
2025-12-18 13:49:25 - auth - INFO - 📩 API Response: {'ver': '1.0', 'errorMessage': 'Invalid Mobile Number.', 'errorCode': '912', 'txn': 'TXN1766045965040', 'status': '0', 'ts': '2025-12-18T13:49:45'}
2025-12-18 13:49:42 - auth - INFO - 🚀 Sending OTP to 9353641410...
2025-12-18 13:49:43 - auth - INFO - 📩 API Response: {'session_info': {'valid_to': '2025-12-18 14:00:04', 'session_id': '9E23C6054FD07BA8751F55C35163EBCF', 'valid_from': '18-Dec-2025 13:50'}, 'response': {'ver': '1.0', 'txn': 'TXN1766045982052', 'ts': '2025-12-18T13:49:42', 'status': '1'}}
2025-12-18 14:32:06 - knowledge_base - INFO - 📚 Loading Knowledge Base (FAQs & Error Docs)...
2025-12-18 14:32:11 - knowledge_base - INFO -    - FAQ Doc loaded: 95403 characters
2025-12-18 14:32:20 - knowledge_base - INFO -    - Error Doc loaded: 42132 characters
2025-12-18 14:32:22 - knowledge_base - INFO - ✅ Knowledge Base Loaded!
2025-12-18 14:32:22 - main - INFO - ⚡ Initializing AI Agent... (This happens only once)
2025-12-18 14:32:26 - main - INFO - ⚡ AI Agent Ready!
2025-12-18 14:45:23 - main - INFO - Health check endpoint called.
2025-12-18 14:45:42 - auth - INFO - 🚀 Sending OTP to 8951486740...
2025-12-18 14:45:44 - auth - INFO - 📩 API Response: {'session_info': {'valid_to': '2025-12-18 14:56:37', 'session_id': '54E0B6A9C08DC4F332934660C7AA0105', 'valid_from': '18-Dec-2025 14:46'}, 'response': {'ver': '1.0', 'txn': 'TXN1766049342975', 'ts': '2025-12-18T14:45:42', 'status': '1'}}
2025-12-18 14:46:10 - main - INFO - 🤖 User Verified. Fetching details for 8951486740...
2025-12-18 14:59:35 - tools - INFO - 🔍 FAQ SEARCH for 'modes of applying for the certificate or cXXXXXXXXn of iXXXXXXXXl eKYC':
2025-12-18 14:59:35 - tools - INFO -    [Chunk 1]: Online Aadhaar-based eKYC: Using Aadhaar for instant identity verification through OTP.
Offline Aadhaar Mode: Where customer can upload the Aadhar XML...
2025-12-18 14:59:35 - tools - INFO -    [Chunk 2]: Subscriber
	2
	PAN details needs to be verified online while creating eKYC account.
	Subscriber
	3
	Scanned Documents need to be uploaded in PDF/JPG/P...
2025-12-18 14:59:35 - tools - INFO -    [Chunk 3]: To proceed with verifying and rejecting the current application and KYC account so that you can re-initiate a new application with the correct organiz...
2025-12-18 14:59:36 - tools - INFO - 🔍 ERROR SEARCH for 'modes of applying for the certificate or cXXXXXXXXn of iXXXXXXXXl eKYC':
2025-12-18 14:59:36 - tools - INFO -    [Chunk 1]: Log in to the Income Tax portal.
Select "My Profile" on the right-hand side.
Choose "Key Person Details" on the left-hand side.
Add the certificate ho...
2025-12-18 14:59:36 - tools - INFO -    [Chunk 2]: Requirement-Emsigner for V2 https://www.mca.gov.in/dsc/MCAemSigner.zip Embridgefor V3- https://embridge.emudhra.com/





Step 3: Select the Appropria...
2025-12-18 14:59:36 - tools - INFO -    [Chunk 3]: Enter the details requested in the next page. Details should be same as in DIN/PAN.




In the next screen you will be asked to enter your e-mail id a...
2025-12-18 15:00:28 - tools - INFO - 🌐 SEARCHING WEB: site:emudhradigital.com drivers for USB token
2025-12-18 15:00:34 - tools - INFO - 🔍 FAQ SEARCH for 'drivers for USB token':
2025-12-18 15:00:34 - tools - INFO -    [Chunk 1]: Here is how you can get them:

Visit the eMudhra Downloads or Knowledge Centre page: https://www.e-mudhra.com/Repository/
Look for USB token drivers o...
2025-12-18 15:00:34 - tools - INFO -    [Chunk 2]: "Since your Inniat USB token is showing the ""USB is ready to use"" message but not appearing in My Computer as a drive, please note:

The DSC USB tok...
2025-12-18 15:00:34 - tools - INFO -    [Chunk 3]: ◽ Know what documents are required
◽ Buy a Digital Signature Certificate (DSC)
◽ Talk to support specialist
	8
	If I order a USB token by when I can g...
2025-12-18 15:01:06 - tools - INFO - 🌐 SEARCHING WEB: site:emudhradigital.com download templates for application eMudhra portal
2025-12-18 15:08:54 - knowledge_base - INFO - 📚 Loading Knowledge Base (FAQs & Error Docs)...
2025-12-18 15:08:58 - knowledge_base - INFO -    - FAQ Doc loaded: 95403 characters
2025-12-18 15:09:06 - knowledge_base - INFO -    - Error Doc loaded: 42132 characters
2025-12-18 15:09:08 - knowledge_base - INFO - ✅ Knowledge Base Loaded!
2025-12-18 15:09:18 - knowledge_base - INFO - 📚 Loading Knowledge Base (FAQs & Error Docs)...
2025-12-18 15:09:22 - knowledge_base - INFO -    - FAQ Doc loaded: 95403 characters
2025-12-18 15:09:31 - knowledge_base - INFO -    - Error Doc loaded: 42132 characters
2025-12-18 15:09:32 - knowledge_base - INFO - ✅ Knowledge Base Loaded!
2025-12-18 15:09:32 - main - INFO - ⚡ Initializing AI Agent... (This happens only once)
2025-12-18 15:09:36 - main - INFO - ⚡ AI Agent Ready!
2025-12-18 15:09:47 - knowledge_base - INFO - 📚 Loading Knowledge Base (FAQs & Error Docs)...
2025-12-18 15:09:51 - knowledge_base - INFO -    - FAQ Doc loaded: 95403 characters
2025-12-18 15:09:58 - knowledge_base - INFO -    - Error Doc loaded: 42132 characters
2025-12-18 15:10:00 - knowledge_base - INFO - ✅ Knowledge Base Loaded!
2025-12-18 15:10:00 - main - INFO - ⚡ Initializing AI Agent... (This happens only once)
2025-12-18 15:10:04 - main - INFO - ⚡ AI Agent Ready!
2025-12-18 15:10:18 - knowledge_base - INFO - 📚 Loading Knowledge Base (FAQs & Error Docs)...
2025-12-18 15:10:22 - knowledge_base - INFO -    - FAQ Doc loaded: 95403 characters
2025-12-18 15:10:30 - knowledge_base - INFO -    - Error Doc loaded: 42132 characters
2025-12-18 15:10:33 - knowledge_base - INFO - ✅ Knowledge Base Loaded!
2025-12-18 15:10:33 - main - INFO - ⚡ Initializing AI Agent... (This happens only once)
2025-12-18 15:10:36 - main - INFO - ⚡ AI Agent Ready!
2025-12-18 15:10:59 - auth - INFO - 🚀 Sending OTP to 8951486740...
2025-12-18 15:11:01 - auth - INFO - 📩 API Response: {'session_info': {'valid_to': '2025-12-18 15:21:36', 'session_id': '435B6BBFB158E124E8E4794BE022E15B', 'valid_from': '18-Dec-2025 15:11'}, 'response': {'ver': '1.0', 'txn': 'TXN1766050859048', 'ts': '2025-12-18T15:10:59', 'status': '1'}}
2025-12-18 15:11:24 - main - INFO - 🤖 User Verified. Fetching details for 8951486740...
2025-12-18 15:13:44 - tools - INFO - 🔍 FAQ SEARCH for 'maximum validity of the eSign account':
2025-12-18 15:13:44 - tools - INFO -    [Chunk 1]: Suggestions

◽ Talk to support specialist
◽ Buy a USB Token
◽ Unlock my USB Token The token password (PIN) is a secret code you set or received with y...
2025-12-18 15:13:44 - tools - INFO -    [Chunk 2]: 89
	Can I download the dsc multiple times
	You will not be able to download your DSC multiple times after it has been downloaded. As dsc is one time d...
2025-12-18 15:13:44 - tools - INFO -    [Chunk 3]: If you want precise details about your eSign account or need renewal guidance, let me know!

Suggestions

◽ Renew my DSC
◽ Buy a Digital Signature Cer...
2025-12-18 15:28:27 - tools - INFO - 🌐 SEARCHING WEB: site:emudhradigital.com token drivers for Mac OS
2025-12-18 15:45:41 - knowledge_base - INFO - 📚 Loading Knowledge Base (FAQs & Error Docs)...
2025-12-18 15:45:46 - knowledge_base - INFO -    - FAQ Doc loaded: 95403 characters
2025-12-18 15:45:53 - knowledge_base - INFO -    - Error Doc loaded: 42132 characters
2025-12-18 15:45:54 - knowledge_base - INFO - ✅ Knowledge Base Loaded!
2025-12-18 15:45:54 - main - INFO - ⚡ Initializing AI Agent... (This happens only once)
2025-12-18 15:45:58 - main - INFO - ⚡ AI Agent Ready!
2025-12-18 15:46:06 - knowledge_base - INFO - 📚 Loading Knowledge Base (FAQs & Error Docs)...
2025-12-18 15:46:11 - knowledge_base - INFO -    - FAQ Doc loaded: 95403 characters
2025-12-18 15:46:19 - knowledge_base - INFO -    - Error Doc loaded: 42132 characters
2025-12-18 15:46:21 - knowledge_base - INFO - ✅ Knowledge Base Loaded!
2025-12-18 15:46:21 - main - INFO - ⚡ Initializing AI Agent... (This happens only once)
2025-12-18 15:46:24 - main - INFO - ⚡ AI Agent Ready!
2025-12-18 15:47:09 - knowledge_base - INFO - 📚 Loading Knowledge Base (FAQs & Error Docs)...
2025-12-18 15:47:13 - knowledge_base - INFO -    - FAQ Doc loaded: 95403 characters
2025-12-18 15:47:21 - knowledge_base - INFO -    - Error Doc loaded: 42132 characters
2025-12-18 15:47:23 - knowledge_base - INFO - ✅ Knowledge Base Loaded!
2025-12-18 15:47:23 - main - INFO - ⚡ Initializing AI Agent... (This happens only once)
2025-12-18 15:47:26 - main - INFO - ⚡ AI Agent Ready!
2025-12-18 15:48:01 - auth - INFO - 🚀 Sending OTP to 8951486740...
2025-12-18 15:48:03 - auth - INFO - 📩 API Response: {'session_info': {'valid_to': '2025-12-18 15:58:50', 'session_id': '5966BE96E0B8E2CC01CDEF6B3E449A2B', 'valid_from': '18-Dec-2025 15:48'}, 'response': {'ver': '1.0', 'txn': 'TXN1766053081794', 'ts': '2025-12-18T15:48:01', 'status': '1'}}
2025-12-18 15:48:28 - main - INFO - 🤖 User Verified. Fetching details for 8951486740...
2025-12-18 15:49:13 - tools - INFO - 🔍 FAQ SEARCH for 'refund TAT':
2025-12-18 15:49:13 - tools - INFO -    [Chunk 1]: Would you like me to connect you with a support specialist to help with your duplicate payment issue?

Suggestions

◽ Talk to support specialist
◽ Che...
2025-12-18 15:49:13 - tools - INFO -    [Chunk 2]: If your refund is delayed beyond this period, I can connect you with a support specialist to assist further.

Suggestions

◽ Talk to support specialis...
2025-12-18 15:49:13 - tools - INFO -    [Chunk 3]: This is the Application for a Foreign individual. Kindly help us with the OTP processing for the same,

Thanks & Regards

Sonia Ramanujam Practicing C...
